--- Nuevo Log de Sesión: 2025-10-09 22:28:41 ---
DEBUG: INFO: iniciando validacion del login
--- Nuevo Log de Sesión: 2025-10-09 22:28:41 ---
DEBUG: DEBUG: Password RAW recibido del POST: [clara789] - Longitud: 8
--- Nuevo Log de Sesión: 2025-10-09 22:28:41 ---
DEBUG: INFO: intento de login - Email: xcobian@ucol.mx
--- Nuevo Log de Sesión: 2025-10-09 22:28:41 ---
DEBUG: DEBUG: Password después de trim: [clara789] - Longitud: 8
--- Nuevo Log de Sesión: 2025-10-09 22:28:47 ---
DEBUG: INFO: iniciando validacion del login
--- Nuevo Log de Sesión: 2025-10-09 22:28:47 ---
DEBUG: DEBUG: Password RAW recibido del POST: [clara789] - Longitud: 8
--- Nuevo Log de Sesión: 2025-10-09 22:28:47 ---
DEBUG: INFO: intento de login - Email: xcobian@ucol.mx
--- Nuevo Log de Sesión: 2025-10-09 22:28:47 ---
DEBUG: DEBUG: Password después de trim: [clara789] - Longitud: 8
--- Nuevo Log de Sesión: 2025-10-09 22:28:50 ---
DEBUG: DEBUG: Password ingresado: [clara789] - Longitud: 8 - Hex: 636c617261373839
--- Nuevo Log de Sesión: 2025-10-09 22:28:50 ---
DEBUG: DEBUG: Password en BD: [clara789] - Longitud: 8 - Hex: 636c617261373839
--- Nuevo Log de Sesión: 2025-10-09 22:28:50 ---
DEBUG: DEBUG: Comparación (===): COINCIDE
--- Nuevo Log de Sesión: 2025-10-09 22:28:50 ---
DEBUG: SUCCESS: Login exitoso - Usuario ID: 1
--- Nuevo Log de Sesión: 2025-10-13 20:07:13 ---
DEBUG: INFO: iniciando validacion del login
--- Nuevo Log de Sesión: 2025-10-13 20:07:13 ---
DEBUG: DEBUG: Password RAW recibido del POST: [clara789] - Longitud: 8
--- Nuevo Log de Sesión: 2025-10-13 20:07:13 ---
DEBUG: INFO: intento de login - Email: fbenitez2@ucol.mx
--- Nuevo Log de Sesión: 2025-10-13 20:07:13 ---
DEBUG: DEBUG: Password después de trim: [clara789] - Longitud: 8
--- Nuevo Log de Sesión: 2025-10-13 20:07:38 ---
DEBUG: INFO: iniciando validacion del login
--- Nuevo Log de Sesión: 2025-10-13 20:07:38 ---
DEBUG: DEBUG: Password RAW recibido del POST: [clara789] - Longitud: 8
--- Nuevo Log de Sesión: 2025-10-13 20:07:38 ---
DEBUG: INFO: intento de login - Email: fbenitez2@ucol.mx
--- Nuevo Log de Sesión: 2025-10-13 20:07:38 ---
DEBUG: DEBUG: Password después de trim: [clara789] - Longitud: 8
--- Nuevo Log de Sesión: 2025-10-13 20:07:43 ---
DEBUG: INFO: iniciando validacion del login
--- Nuevo Log de Sesión: 2025-10-13 20:07:43 ---
DEBUG: DEBUG: Password RAW recibido del POST: [clara789] - Longitud: 8
--- Nuevo Log de Sesión: 2025-10-13 20:07:43 ---
DEBUG: INFO: intento de login - Email: fbenitez2@ucol.mx
--- Nuevo Log de Sesión: 2025-10-13 20:07:43 ---
DEBUG: DEBUG: Password después de trim: [clara789] - Longitud: 8
--- Nuevo Log de Sesión: 2025-10-13 20:08:01 ---
DEBUG: DEBUG: Password ingresado: [clara789] - Longitud: 8 - Hex: 636c617261373839
--- Nuevo Log de Sesión: 2025-10-13 20:08:01 ---
DEBUG: DEBUG: Password en BD: [clara789] - Longitud: 8 - Hex: 636c617261373839
--- Nuevo Log de Sesión: 2025-10-13 20:08:01 ---
DEBUG: DEBUG: Comparación (===): COINCIDE
--- Nuevo Log de Sesión: 2025-10-13 20:08:01 ---
DEBUG: SUCCESS: Login exitoso - Usuario ID: 2
--- Nuevo Log de Sesión: 2025-10-13 20:33:00 ---
DEBUG: INFO: iniciando validacion del login
--- Nuevo Log de Sesión: 2025-10-13 20:33:00 ---
DEBUG: DEBUG: Password RAW recibido del POST: [clara789] - Longitud: 8
--- Nuevo Log de Sesión: 2025-10-13 20:33:00 ---
DEBUG: INFO: intento de login - Email: xcobian@ucol.mx
--- Nuevo Log de Sesión: 2025-10-13 20:33:00 ---
DEBUG: DEBUG: Password después de trim: [clara789] - Longitud: 8
--- Nuevo Log de Sesión: 2025-10-13 20:33:05 ---
DEBUG: INFO: iniciando validacion del login
--- Nuevo Log de Sesión: 2025-10-13 20:33:05 ---
DEBUG: DEBUG: Password RAW recibido del POST: [clara789] - Longitud: 8
--- Nuevo Log de Sesión: 2025-10-13 20:33:05 ---
DEBUG: INFO: intento de login - Email: xcobian@ucol.mx
--- Nuevo Log de Sesión: 2025-10-13 20:33:05 ---
DEBUG: DEBUG: Password después de trim: [clara789] - Longitud: 8
--- Nuevo Log de Sesión: 2025-10-13 20:33:37 ---
DEBUG: INFO: iniciando validacion del login
--- Nuevo Log de Sesión: 2025-10-13 20:33:37 ---
DEBUG: DEBUG: Password RAW recibido del POST: [clara789] - Longitud: 8
--- Nuevo Log de Sesión: 2025-10-13 20:33:37 ---
DEBUG: INFO: intento de login - Email: xcobian@ucol.mx
--- Nuevo Log de Sesión: 2025-10-13 20:33:37 ---
DEBUG: DEBUG: Password después de trim: [clara789] - Longitud: 8
--- Nuevo Log de Sesión: 2025-10-13 20:34:09 ---
DEBUG: INFO: iniciando validacion del login
--- Nuevo Log de Sesión: 2025-10-13 20:34:09 ---
DEBUG: DEBUG: Password RAW recibido del POST: [clara789] - Longitud: 8
--- Nuevo Log de Sesión: 2025-10-13 20:34:09 ---
DEBUG: INFO: intento de login - Email: xcobian@ucol.mx
--- Nuevo Log de Sesión: 2025-10-13 20:34:09 ---
DEBUG: DEBUG: Password después de trim: [clara789] - Longitud: 8
--- Nuevo Log de Sesión: 2025-10-13 20:34:21 ---
DEBUG: INFO: iniciando validacion del login
--- Nuevo Log de Sesión: 2025-10-13 20:34:21 ---
DEBUG: DEBUG: Password RAW recibido del POST: [clara789] - Longitud: 8
--- Nuevo Log de Sesión: 2025-10-13 20:34:21 ---
DEBUG: INFO: intento de login - Email: xcobian@ucol.mx
--- Nuevo Log de Sesión: 2025-10-13 20:34:21 ---
DEBUG: DEBUG: Password después de trim: [clara789] - Longitud: 8
--- Nuevo Log de Sesión: 2025-10-13 20:34:39 ---
DEBUG: DEBUG: Password ingresado: [clara789] - Longitud: 8 - Hex: 636c617261373839
--- Nuevo Log de Sesión: 2025-10-13 20:34:39 ---
DEBUG: DEBUG: Password en BD: [clara789] - Longitud: 8 - Hex: 636c617261373839
--- Nuevo Log de Sesión: 2025-10-13 20:34:39 ---
DEBUG: DEBUG: Comparación (===): COINCIDE
--- Nuevo Log de Sesión: 2025-10-13 20:34:39 ---
DEBUG: SUCCESS: Login exitoso - Usuario ID: 1
--- Nuevo Log de Sesión: 2025-10-17 05:28:57 ---
DEBUG: INFO: iniciando validacion del login
--- Nuevo Log de Sesión: 2025-10-17 05:28:57 ---
DEBUG: DEBUG: Password RAW recibido del POST: [clara789] - Longitud: 8
--- Nuevo Log de Sesión: 2025-10-17 05:28:57 ---
DEBUG: INFO: intento de login - Email: xcobian@ucol.mx
--- Nuevo Log de Sesión: 2025-10-17 05:28:57 ---
DEBUG: DEBUG: Password después de trim: [clara789] - Longitud: 8
--- Nuevo Log de Sesión: 2025-10-17 05:29:17 ---
DEBUG: INFO: iniciando validacion del login
--- Nuevo Log de Sesión: 2025-10-17 05:29:17 ---
DEBUG: DEBUG: Password RAW recibido del POST: [clara789] - Longitud: 8
--- Nuevo Log de Sesión: 2025-10-17 05:29:17 ---
DEBUG: INFO: intento de login - Email: xcobian@ucol.mx
--- Nuevo Log de Sesión: 2025-10-17 05:29:17 ---
DEBUG: DEBUG: Password después de trim: [clara789] - Longitud: 8
--- Nuevo Log de Sesión: 2025-10-17 05:29:18 ---
DEBUG: DEBUG: Password ingresado: [clara789] - Longitud: 8 - Hex: 636c617261373839
--- Nuevo Log de Sesión: 2025-10-17 05:29:18 ---
DEBUG: DEBUG: Password en BD: [clara789] - Longitud: 8 - Hex: 636c617261373839
--- Nuevo Log de Sesión: 2025-10-17 05:29:18 ---
DEBUG: DEBUG: Comparación (===): COINCIDE
--- Nuevo Log de Sesión: 2025-10-17 05:29:18 ---
DEBUG: SUCCESS: Login exitoso - Usuario ID: 1
--- Nuevo Log de Sesión: 2025-10-17 05:30:32 ---
DEBUG: INFO: Logout - Usuario ID: 1
--- Nuevo Log de Sesión: 2025-10-17 05:30:36 ---
DEBUG: INFO: iniciando validacion del login
--- Nuevo Log de Sesión: 2025-10-17 05:30:36 ---
DEBUG: DEBUG: Password RAW recibido del POST: [clara789] - Longitud: 8
--- Nuevo Log de Sesión: 2025-10-17 05:30:36 ---
DEBUG: INFO: intento de login - Email: fbenitez2@ucol.mx
--- Nuevo Log de Sesión: 2025-10-17 05:30:36 ---
DEBUG: DEBUG: Password después de trim: [clara789] - Longitud: 8
--- Nuevo Log de Sesión: 2025-10-17 05:30:37 ---
DEBUG: DEBUG: Password ingresado: [clara789] - Longitud: 8 - Hex: 636c617261373839
--- Nuevo Log de Sesión: 2025-10-17 05:30:37 ---
DEBUG: DEBUG: Password en BD: [clara789] - Longitud: 8 - Hex: 636c617261373839
--- Nuevo Log de Sesión: 2025-10-17 05:30:37 ---
DEBUG: DEBUG: Comparación (===): COINCIDE
--- Nuevo Log de Sesión: 2025-10-17 05:30:37 ---
DEBUG: SUCCESS: Login exitoso - Usuario ID: 2
--- Nuevo Log de Sesión: 2025-10-17 16:25:23 ---
DEBUG: INFO: iniciando validacion del login
--- Nuevo Log de Sesión: 2025-10-17 16:25:23 ---
DEBUG: DEBUG: Password RAW recibido del POST: [clara789] - Longitud: 8
--- Nuevo Log de Sesión: 2025-10-17 16:25:23 ---
DEBUG: INFO: intento de login - Email: fbenitez2@ucol.mx
--- Nuevo Log de Sesión: 2025-10-17 16:25:23 ---
DEBUG: DEBUG: Password después de trim: [clara789] - Longitud: 8
--- Nuevo Log de Sesión: 2025-10-17 16:25:28 ---
DEBUG: INFO: iniciando validacion del login
--- Nuevo Log de Sesión: 2025-10-17 16:25:28 ---
DEBUG: DEBUG: Password RAW recibido del POST: [clara789] - Longitud: 8
--- Nuevo Log de Sesión: 2025-10-17 16:25:28 ---
DEBUG: INFO: intento de login - Email: fbenitez2@ucol.mx
--- Nuevo Log de Sesión: 2025-10-17 16:25:28 ---
DEBUG: DEBUG: Password después de trim: [clara789] - Longitud: 8
--- Nuevo Log de Sesión: 2025-10-17 16:25:30 ---
DEBUG: DEBUG: Password ingresado: [clara789] - Longitud: 8 - Hex: 636c617261373839
--- Nuevo Log de Sesión: 2025-10-17 16:25:30 ---
DEBUG: DEBUG: Password en BD: [clara789] - Longitud: 8 - Hex: 636c617261373839
--- Nuevo Log de Sesión: 2025-10-17 16:25:30 ---
DEBUG: DEBUG: Comparación (===): COINCIDE
--- Nuevo Log de Sesión: 2025-10-17 16:25:30 ---
DEBUG: SUCCESS: Login exitoso - Usuario ID: 2
--- Nuevo Log de Sesión: 2025-10-24 04:25:36 ---
DEBUG: INFO: iniciando validacion del login
--- Nuevo Log de Sesión: 2025-10-24 04:25:36 ---
DEBUG: DEBUG: Password RAW recibido del POST: [clara789] - Longitud: 8
--- Nuevo Log de Sesión: 2025-10-24 04:25:36 ---
DEBUG: INFO: intento de login - Email: xcobian@ucol.mx
--- Nuevo Log de Sesión: 2025-10-24 04:25:36 ---
DEBUG: DEBUG: Password después de trim: [clara789] - Longitud: 8
--- Nuevo Log de Sesión: 2025-10-24 04:25:37 ---
DEBUG: DEBUG: Password ingresado: [clara789] - Longitud: 8 - Hex: 636c617261373839
--- Nuevo Log de Sesión: 2025-10-24 04:25:37 ---
DEBUG: DEBUG: Password en BD: [clara789] - Longitud: 8 - Hex: 636c617261373839
--- Nuevo Log de Sesión: 2025-10-24 04:25:37 ---
DEBUG: DEBUG: Comparación (===): COINCIDE
--- Nuevo Log de Sesión: 2025-10-24 04:25:37 ---
DEBUG: SUCCESS: Login exitoso - Usuario ID: 1
--- Nuevo Log de Sesión: 2025-10-24 04:25:41 ---
DEBUG: INFO: iniciando validacion del login
--- Nuevo Log de Sesión: 2025-10-24 04:25:41 ---
DEBUG: DEBUG: Password RAW recibido del POST: [clara789] - Longitud: 8
--- Nuevo Log de Sesión: 2025-10-24 04:25:41 ---
DEBUG: INFO: intento de login - Email: xcobian@ucol.mx
--- Nuevo Log de Sesión: 2025-10-24 04:25:41 ---
DEBUG: DEBUG: Password después de trim: [clara789] - Longitud: 8
--- Nuevo Log de Sesión: 2025-10-24 04:25:42 ---
DEBUG: DEBUG: Password ingresado: [clara789] - Longitud: 8 - Hex: 636c617261373839
--- Nuevo Log de Sesión: 2025-10-24 04:25:42 ---
DEBUG: DEBUG: Password en BD: [clara789] - Longitud: 8 - Hex: 636c617261373839
--- Nuevo Log de Sesión: 2025-10-24 04:25:42 ---
DEBUG: DEBUG: Comparación (===): COINCIDE
--- Nuevo Log de Sesión: 2025-10-24 04:25:42 ---
DEBUG: SUCCESS: Login exitoso - Usuario ID: 1
--- Nuevo Log de Sesión: 2025-10-24 04:28:08 ---
DEBUG: INFO: iniciando validacion del login
--- Nuevo Log de Sesión: 2025-10-24 04:28:08 ---
DEBUG: DEBUG: Password RAW recibido del POST: [clara789] - Longitud: 8
--- Nuevo Log de Sesión: 2025-10-24 04:28:08 ---
DEBUG: INFO: intento de login - Email: xcobian@ucol.mx
--- Nuevo Log de Sesión: 2025-10-24 04:28:08 ---
DEBUG: DEBUG: Password después de trim: [clara789] - Longitud: 8
--- Nuevo Log de Sesión: 2025-10-24 04:28:09 ---
DEBUG: DEBUG: Password ingresado: [clara789] - Longitud: 8 - Hex: 636c617261373839
--- Nuevo Log de Sesión: 2025-10-24 04:28:09 ---
DEBUG: DEBUG: Password en BD: [clara789] - Longitud: 8 - Hex: 636c617261373839
--- Nuevo Log de Sesión: 2025-10-24 04:28:09 ---
DEBUG: DEBUG: Comparación (===): COINCIDE
--- Nuevo Log de Sesión: 2025-10-24 04:28:09 ---
DEBUG: SUCCESS: Login exitoso - Usuario ID: 1
