
[2025-11-20 06:23:44] METHOD=POST POST={"action":"cambiar_estado","numero_turno":"N003","nuevo_estado":"Atendiendo"}

[2025-11-20 06:23:45] METHOD=GET POST=[]
ACTION=cambiar_estado, NUMERO=N003, ESTADO=Atendiendo
SUCCESS: Updated N003 to Atendiendo

[2025-11-20 06:23:46] METHOD=GET POST=[]

[2025-11-20 06:23:50] METHOD=GET POST=[]

[2025-11-20 06:23:55] METHOD=GET POST=[]

[2025-11-20 06:24:00] METHOD=GET POST=[]

[2025-11-20 06:24:05] METHOD=GET POST=[]

[2025-11-20 06:24:10] METHOD=GET POST=[]

[2025-11-20 06:24:15] METHOD=GET POST=[]

[2025-11-20 06:24:18] METHOD=POST POST={"action":"cambiar_estado","numero_turno":"N003","nuevo_estado":"Finalizado"}
ACTION=cambiar_estado, NUMERO=N003, ESTADO=Finalizado
SUCCESS: Updated N003 to Finalizado

[2025-11-20 06:24:20] METHOD=GET POST=[]

[2025-11-20 06:24:20] METHOD=GET POST=[]

[2025-11-20 06:24:25] METHOD=GET POST=[]

[2025-11-20 06:24:30] METHOD=GET POST=[]

[2025-11-20 06:24:30] METHOD=GET POST=[]

[2025-11-20 06:24:37] METHOD=POST POST={"action":"llamar"}
ACTION=llamar, NUMERO=, ESTADO=
SUCCESS: Called N001

[2025-11-20 06:24:39] METHOD=GET POST=[]

[2025-11-20 06:24:40] METHOD=GET POST=[]

[2025-11-20 06:24:45] METHOD=GET POST=[]

[2025-11-20 06:24:50] METHOD=GET POST=[]

[2025-11-20 06:24:55] METHOD=GET POST=[]

[2025-11-20 06:25:00] METHOD=GET POST=[]

[2025-11-20 06:25:05] METHOD=GET POST=[]

[2025-11-20 06:25:10] METHOD=GET POST=[]

[2025-11-20 06:25:15] METHOD=GET POST=[]

[2025-11-20 06:25:20] METHOD=GET POST=[]

[2025-11-20 06:25:25] METHOD=GET POST=[]

[2025-11-20 06:25:30] METHOD=GET POST=[]

[2025-11-20 06:25:36] METHOD=GET POST=[]

[2025-11-20 06:25:41] METHOD=GET POST=[]

[2025-11-20 06:25:46] METHOD=GET POST=[]

[2025-11-20 06:25:51] METHOD=GET POST=[]

[2025-11-20 06:25:56] METHOD=GET POST=[]

[2025-11-20 06:26:01] METHOD=GET POST=[]

[2025-11-20 06:26:06] METHOD=GET POST=[]

[2025-11-20 06:26:11] METHOD=GET POST=[]

[2025-11-20 06:26:16] METHOD=GET POST=[]

[2025-11-20 06:26:21] METHOD=GET POST=[]

[2025-11-20 06:26:26] METHOD=GET POST=[]

[2025-11-20 06:26:31] METHOD=GET POST=[]

[2025-11-20 06:26:36] METHOD=GET POST=[]

[2025-11-20 06:26:41] METHOD=GET POST=[]

[2025-11-20 06:26:46] METHOD=GET POST=[]

[2025-11-20 06:26:51] METHOD=GET POST=[]

[2025-11-20 06:26:56] METHOD=GET POST=[]

[2025-11-20 06:27:01] METHOD=GET POST=[]

[2025-11-20 06:27:06] METHOD=GET POST=[]

[2025-11-20 06:27:12] METHOD=GET POST=[]

[2025-11-20 06:27:17] METHOD=GET POST=[]

[2025-11-20 06:27:22] METHOD=GET POST=[]

[2025-11-20 06:27:27] METHOD=GET POST=[]

[2025-11-20 06:27:33] METHOD=GET POST=[]

[2025-11-20 06:27:38] METHOD=GET POST=[]

[2025-11-20 06:27:43] METHOD=GET POST=[]

[2025-11-20 06:27:48] METHOD=GET POST=[]

[2025-11-21 06:07:38] METHOD=POST POST={"action":"cambiar_estado","numero_turno":"N005","nuevo_estado":"Atendiendo"}

[2025-11-21 06:07:40] METHOD=GET POST=[]
ACTION=cambiar_estado, NUMERO=N005, ESTADO=Atendiendo
SUCCESS: Updated N005 to Atendiendo

[2025-11-21 06:07:41] METHOD=GET POST=[]

[2025-11-21 06:07:42] METHOD=POST POST={"action":"cambiar_estado","numero_turno":"N005","nuevo_estado":"Atendiendo"}
ACTION=cambiar_estado, NUMERO=N005, ESTADO=Atendiendo

[2025-11-21 06:07:45] METHOD=GET POST=[]

[2025-11-21 06:08:12] METHOD=GET POST=[]

[2025-11-21 06:08:16] METHOD=GET POST=[]

[2025-11-21 06:08:17] METHOD=GET POST=[]

[2025-11-21 06:08:17] METHOD=GET POST=[]

[2025-11-21 06:08:22] METHOD=GET POST=[]

[2025-11-21 06:08:28] METHOD=GET POST=[]

[2025-11-21 06:08:33] METHOD=GET POST=[]

[2025-11-21 06:08:38] METHOD=GET POST=[]

[2025-11-21 06:08:43] METHOD=GET POST=[]

[2025-11-21 06:08:48] METHOD=GET POST=[]

[2025-11-21 06:08:53] METHOD=GET POST=[]

[2025-11-21 06:08:58] METHOD=GET POST=[]

[2025-11-21 06:09:03] METHOD=GET POST=[]

[2025-11-21 06:09:08] METHOD=GET POST=[]

[2025-11-21 06:09:13] METHOD=GET POST=[]

[2025-11-21 06:09:18] METHOD=GET POST=[]

[2025-11-21 06:09:23] METHOD=GET POST=[]

[2025-11-21 06:09:29] METHOD=GET POST=[]

[2025-11-21 06:09:34] METHOD=GET POST=[]

[2025-11-21 06:09:39] METHOD=GET POST=[]

[2025-11-21 06:09:44] METHOD=GET POST=[]

[2025-11-21 06:09:49] METHOD=GET POST=[]

[2025-11-21 06:09:54] METHOD=GET POST=[]

[2025-11-21 06:09:59] METHOD=GET POST=[]

[2025-11-21 06:10:04] METHOD=GET POST=[]

[2025-11-21 06:10:09] METHOD=GET POST=[]

[2025-11-21 06:10:14] METHOD=GET POST=[]

[2025-11-21 06:10:19] METHOD=GET POST=[]

[2025-11-21 06:10:24] METHOD=GET POST=[]

[2025-11-21 06:10:29] METHOD=GET POST=[]

[2025-11-21 06:10:34] METHOD=GET POST=[]

[2025-11-21 06:10:39] METHOD=GET POST=[]

[2025-11-21 06:10:44] METHOD=GET POST=[]

[2025-11-21 06:10:49] METHOD=GET POST=[]

[2025-11-21 06:10:54] METHOD=GET POST=[]

[2025-11-21 06:10:59] METHOD=GET POST=[]

[2025-11-21 06:11:04] METHOD=GET POST=[]

[2025-11-21 06:11:09] METHOD=GET POST=[]

[2025-11-21 06:11:14] METHOD=GET POST=[]

[2025-11-21 06:11:19] METHOD=GET POST=[]

[2025-11-21 06:11:24] METHOD=GET POST=[]

[2025-11-21 06:11:29] METHOD=GET POST=[]

[2025-11-21 06:11:34] METHOD=GET POST=[]

[2025-11-21 06:11:39] METHOD=GET POST=[]

[2025-11-21 06:11:44] METHOD=GET POST=[]

[2025-11-21 06:11:49] METHOD=GET POST=[]

[2025-11-21 06:11:54] METHOD=GET POST=[]

[2025-11-21 06:11:59] METHOD=GET POST=[]

[2025-11-21 06:12:04] METHOD=GET POST=[]

[2025-11-21 06:12:09] METHOD=GET POST=[]

[2025-11-21 06:12:14] METHOD=GET POST=[]

[2025-11-21 06:12:19] METHOD=GET POST=[]

[2025-11-21 06:12:24] METHOD=GET POST=[]

[2025-11-21 06:12:29] METHOD=GET POST=[]

[2025-11-21 06:12:34] METHOD=GET POST=[]

[2025-11-21 06:12:39] METHOD=GET POST=[]

[2025-11-21 06:12:44] METHOD=GET POST=[]

[2025-11-21 06:12:49] METHOD=GET POST=[]

[2025-11-21 06:12:54] METHOD=GET POST=[]

[2025-11-21 06:12:59] METHOD=GET POST=[]

[2025-11-21 06:13:04] METHOD=GET POST=[]

[2025-11-21 06:13:09] METHOD=GET POST=[]

[2025-11-21 06:13:14] METHOD=GET POST=[]

[2025-11-21 06:13:19] METHOD=GET POST=[]

[2025-11-21 06:13:24] METHOD=GET POST=[]

[2025-11-21 06:13:29] METHOD=GET POST=[]

[2025-11-21 06:13:34] METHOD=GET POST=[]

[2025-11-21 06:13:39] METHOD=GET POST=[]

[2025-11-21 06:13:44] METHOD=GET POST=[]

[2025-11-21 06:13:49] METHOD=GET POST=[]

[2025-11-21 06:13:54] METHOD=GET POST=[]

[2025-11-21 06:13:59] METHOD=GET POST=[]

[2025-11-21 06:14:04] METHOD=GET POST=[]

[2025-11-21 06:14:09] METHOD=GET POST=[]

[2025-11-21 06:14:14] METHOD=GET POST=[]

[2025-11-21 06:14:19] METHOD=GET POST=[]

[2025-11-21 06:14:24] METHOD=GET POST=[]

[2025-11-21 06:14:29] METHOD=GET POST=[]

[2025-11-21 06:14:34] METHOD=GET POST=[]

[2025-11-21 06:14:39] METHOD=GET POST=[]

[2025-11-21 06:14:44] METHOD=GET POST=[]

[2025-11-21 06:14:49] METHOD=GET POST=[]

[2025-11-21 06:14:55] METHOD=GET POST=[]

[2025-11-21 06:15:00] METHOD=GET POST=[]

[2025-11-21 06:15:05] METHOD=GET POST=[]

[2025-11-21 06:15:10] METHOD=GET POST=[]

[2025-11-21 06:15:15] METHOD=GET POST=[]

[2025-11-21 06:15:20] METHOD=GET POST=[]

[2025-11-21 06:15:25] METHOD=GET POST=[]

[2025-11-21 06:15:30] METHOD=GET POST=[]

[2025-11-21 06:15:35] METHOD=GET POST=[]

[2025-11-21 06:15:40] METHOD=GET POST=[]

[2025-11-21 06:15:45] METHOD=GET POST=[]

[2025-11-21 06:15:50] METHOD=GET POST=[]

[2025-11-21 06:15:55] METHOD=GET POST=[]

[2025-11-21 06:16:00] METHOD=GET POST=[]

[2025-11-21 06:16:05] METHOD=GET POST=[]

[2025-11-21 06:16:10] METHOD=GET POST=[]

[2025-11-21 06:16:15] METHOD=GET POST=[]

[2025-11-21 06:16:20] METHOD=GET POST=[]

[2025-11-21 06:16:25] METHOD=GET POST=[]

[2025-11-21 06:16:30] METHOD=GET POST=[]

[2025-11-21 06:16:35] METHOD=GET POST=[]

[2025-11-21 06:16:40] METHOD=GET POST=[]

[2025-11-21 06:16:45] METHOD=GET POST=[]

[2025-11-21 06:16:50] METHOD=GET POST=[]

[2025-11-21 06:16:55] METHOD=GET POST=[]

[2025-11-21 06:17:00] METHOD=GET POST=[]

[2025-11-21 06:17:05] METHOD=GET POST=[]

[2025-11-21 06:17:10] METHOD=GET POST=[]

[2025-11-21 06:17:15] METHOD=GET POST=[]

[2025-11-21 06:17:20] METHOD=GET POST=[]

[2025-11-21 06:17:25] METHOD=GET POST=[]

[2025-11-21 06:17:30] METHOD=GET POST=[]

[2025-11-21 06:17:35] METHOD=GET POST=[]

[2025-11-21 06:17:40] METHOD=GET POST=[]

[2025-11-21 06:17:45] METHOD=GET POST=[]

[2025-11-21 06:17:50] METHOD=GET POST=[]

[2025-11-21 06:17:55] METHOD=GET POST=[]

[2025-11-21 06:18:00] METHOD=GET POST=[]

[2025-11-21 06:18:05] METHOD=GET POST=[]

[2025-11-21 06:18:10] METHOD=GET POST=[]

[2025-11-21 06:18:15] METHOD=GET POST=[]

[2025-11-21 06:18:20] METHOD=GET POST=[]

[2025-11-21 06:18:25] METHOD=GET POST=[]

[2025-11-21 06:18:30] METHOD=GET POST=[]

[2025-11-21 06:18:35] METHOD=GET POST=[]

[2025-11-21 06:18:40] METHOD=GET POST=[]

[2025-11-21 06:18:45] METHOD=GET POST=[]

[2025-11-21 06:18:50] METHOD=GET POST=[]

[2025-11-21 06:18:55] METHOD=GET POST=[]

[2025-11-21 06:19:00] METHOD=GET POST=[]

[2025-11-21 06:19:06] METHOD=GET POST=[]

[2025-11-21 06:19:11] METHOD=GET POST=[]

[2025-11-21 06:19:16] METHOD=GET POST=[]

[2025-11-21 06:19:21] METHOD=GET POST=[]

[2025-11-21 06:19:27] METHOD=GET POST=[]

[2025-11-21 06:19:32] METHOD=GET POST=[]

[2025-11-21 06:19:37] METHOD=GET POST=[]

[2025-11-21 06:19:43] METHOD=GET POST=[]

[2025-11-21 06:19:48] METHOD=GET POST=[]

[2025-11-21 06:19:53] METHOD=GET POST=[]

[2025-11-21 06:19:58] METHOD=GET POST=[]

[2025-11-21 06:20:03] METHOD=GET POST=[]

[2025-11-21 06:20:09] METHOD=GET POST=[]

[2025-11-21 06:20:14] METHOD=GET POST=[]

[2025-11-21 06:20:19] METHOD=GET POST=[]

[2025-11-21 06:20:24] METHOD=GET POST=[]

[2025-11-21 06:20:29] METHOD=GET POST=[]

[2025-11-21 06:20:34] METHOD=GET POST=[]

[2025-11-21 06:20:39] METHOD=GET POST=[]

[2025-11-21 06:20:44] METHOD=GET POST=[]

[2025-11-21 06:20:49] METHOD=GET POST=[]

[2025-11-21 06:20:54] METHOD=GET POST=[]

[2025-11-21 06:21:00] METHOD=GET POST=[]

[2025-11-21 06:21:05] METHOD=GET POST=[]

[2025-11-21 06:21:10] METHOD=GET POST=[]

[2025-11-21 06:21:15] METHOD=GET POST=[]

[2025-11-21 06:21:20] METHOD=GET POST=[]

[2025-11-21 06:21:25] METHOD=GET POST=[]

[2025-11-21 06:21:30] METHOD=GET POST=[]

[2025-11-21 06:21:35] METHOD=GET POST=[]

[2025-11-21 06:21:40] METHOD=GET POST=[]

[2025-11-21 06:21:46] METHOD=GET POST=[]

[2025-11-21 06:21:51] METHOD=GET POST=[]

[2025-11-21 06:21:56] METHOD=GET POST=[]

[2025-11-21 06:22:01] METHOD=GET POST=[]

[2025-11-21 06:22:06] METHOD=GET POST=[]

[2025-11-21 06:22:11] METHOD=GET POST=[]

[2025-11-21 06:22:16] METHOD=GET POST=[]

[2025-11-21 06:22:21] METHOD=GET POST=[]

[2025-11-21 06:22:27] METHOD=GET POST=[]

[2025-11-21 06:22:32] METHOD=GET POST=[]

[2025-11-21 06:22:37] METHOD=GET POST=[]

[2025-11-21 06:30:08] METHOD=GET POST=[]

[2025-11-21 06:30:13] METHOD=GET POST=[]

[2025-11-21 06:30:18] METHOD=GET POST=[]

[2025-11-21 06:30:23] METHOD=GET POST=[]

[2025-11-21 06:30:28] METHOD=GET POST=[]

[2025-11-21 06:30:33] METHOD=GET POST=[]

[2025-11-21 06:30:38] METHOD=GET POST=[]

[2025-11-21 06:30:43] METHOD=GET POST=[]

[2025-11-21 06:30:48] METHOD=GET POST=[]

[2025-11-21 06:30:54] METHOD=GET POST=[]

[2025-11-21 06:30:59] METHOD=GET POST=[]

[2025-11-21 06:31:04] METHOD=GET POST=[]

[2025-11-21 06:31:09] METHOD=GET POST=[]

[2025-11-21 06:31:14] METHOD=GET POST=[]

[2025-11-21 06:31:19] METHOD=GET POST=[]

[2025-11-21 06:31:24] METHOD=GET POST=[]

[2025-11-21 06:31:29] METHOD=GET POST=[]

[2025-11-21 06:31:34] METHOD=GET POST=[]

[2025-11-21 06:31:39] METHOD=GET POST=[]

[2025-11-21 06:31:44] METHOD=GET POST=[]

[2025-11-21 06:31:49] METHOD=GET POST=[]

[2025-11-21 06:31:54] METHOD=GET POST=[]

[2025-11-21 06:31:59] METHOD=GET POST=[]

[2025-11-21 06:32:04] METHOD=GET POST=[]

[2025-11-21 06:32:09] METHOD=GET POST=[]

[2025-11-21 06:32:14] METHOD=GET POST=[]

[2025-11-21 06:32:19] METHOD=GET POST=[]

[2025-11-21 06:32:24] METHOD=GET POST=[]

[2025-11-21 06:32:29] METHOD=GET POST=[]

[2025-11-21 06:32:34] METHOD=GET POST=[]

[2025-11-21 06:32:39] METHOD=GET POST=[]

[2025-11-21 06:32:44] METHOD=GET POST=[]

[2025-11-21 06:32:49] METHOD=GET POST=[]

[2025-11-21 06:32:54] METHOD=GET POST=[]

[2025-11-21 06:32:59] METHOD=GET POST=[]

[2025-11-21 06:33:04] METHOD=GET POST=[]

[2025-11-21 06:33:09] METHOD=GET POST=[]

[2025-11-21 06:33:14] METHOD=GET POST=[]

[2025-11-21 06:33:19] METHOD=GET POST=[]

[2025-11-21 06:33:24] METHOD=GET POST=[]

[2025-11-21 06:33:29] METHOD=GET POST=[]

[2025-11-21 06:33:34] METHOD=GET POST=[]

[2025-11-21 06:33:39] METHOD=GET POST=[]

[2025-11-21 06:33:44] METHOD=GET POST=[]

[2025-11-21 06:33:49] METHOD=GET POST=[]

[2025-11-21 06:33:54] METHOD=GET POST=[]

[2025-11-21 06:33:59] METHOD=GET POST=[]

[2025-11-21 06:34:04] METHOD=GET POST=[]

[2025-11-21 06:34:09] METHOD=GET POST=[]

[2025-11-21 06:34:14] METHOD=GET POST=[]

[2025-11-21 06:34:19] METHOD=GET POST=[]

[2025-11-21 06:34:24] METHOD=GET POST=[]

[2025-11-21 06:34:29] METHOD=GET POST=[]

[2025-11-21 06:34:34] METHOD=GET POST=[]

[2025-11-21 06:34:39] METHOD=GET POST=[]

[2025-11-21 06:34:44] METHOD=GET POST=[]

[2025-11-21 06:34:49] METHOD=GET POST=[]

[2025-11-21 06:34:54] METHOD=GET POST=[]

[2025-11-21 06:34:59] METHOD=GET POST=[]

[2025-11-21 06:35:04] METHOD=GET POST=[]

[2025-11-21 06:35:09] METHOD=GET POST=[]

[2025-11-21 06:35:14] METHOD=GET POST=[]

[2025-11-21 06:35:19] METHOD=GET POST=[]

[2025-11-21 06:35:24] METHOD=GET POST=[]

[2025-11-21 06:35:29] METHOD=GET POST=[]

[2025-11-21 06:35:34] METHOD=GET POST=[]

[2025-11-21 06:35:39] METHOD=GET POST=[]

[2025-11-21 06:35:44] METHOD=GET POST=[]

[2025-11-21 06:35:49] METHOD=GET POST=[]

[2025-11-21 06:35:54] METHOD=GET POST=[]

[2025-11-21 06:35:59] METHOD=GET POST=[]

[2025-11-21 06:36:04] METHOD=GET POST=[]

[2025-11-21 06:36:09] METHOD=GET POST=[]

[2025-11-21 06:36:14] METHOD=GET POST=[]

[2025-11-21 06:36:19] METHOD=GET POST=[]

[2025-11-21 06:36:24] METHOD=GET POST=[]

[2025-11-21 06:36:29] METHOD=GET POST=[]

[2025-11-21 06:36:34] METHOD=GET POST=[]

[2025-11-21 06:36:39] METHOD=GET POST=[]

[2025-11-21 06:36:44] METHOD=GET POST=[]

[2025-11-21 06:36:49] METHOD=GET POST=[]

[2025-11-21 06:36:54] METHOD=GET POST=[]

[2025-11-21 06:36:59] METHOD=GET POST=[]

[2025-11-21 06:37:04] METHOD=GET POST=[]

[2025-11-21 06:37:10] METHOD=GET POST=[]

[2025-11-21 06:37:15] METHOD=GET POST=[]

[2025-11-21 06:37:20] METHOD=GET POST=[]

[2025-11-21 06:37:25] METHOD=GET POST=[]

[2025-11-21 06:37:30] METHOD=GET POST=[]

[2025-11-21 06:37:35] METHOD=GET POST=[]

[2025-11-21 06:37:40] METHOD=GET POST=[]

[2025-11-21 06:37:45] METHOD=GET POST=[]

[2025-11-21 06:37:50] METHOD=GET POST=[]

[2025-11-21 06:37:55] METHOD=GET POST=[]

[2025-11-21 06:38:00] METHOD=GET POST=[]

[2025-11-21 06:38:05] METHOD=GET POST=[]

[2025-11-21 06:38:10] METHOD=GET POST=[]

[2025-11-21 06:38:15] METHOD=GET POST=[]

[2025-11-21 06:38:20] METHOD=GET POST=[]

[2025-11-21 06:38:25] METHOD=GET POST=[]

[2025-11-21 06:38:30] METHOD=GET POST=[]

[2025-11-21 06:38:35] METHOD=GET POST=[]

[2025-11-21 06:38:40] METHOD=GET POST=[]

[2025-11-21 06:38:45] METHOD=GET POST=[]

[2025-11-21 06:38:50] METHOD=GET POST=[]

[2025-11-21 06:38:55] METHOD=GET POST=[]

[2025-11-21 06:39:00] METHOD=GET POST=[]

[2025-11-21 06:39:05] METHOD=GET POST=[]

[2025-11-21 06:39:10] METHOD=GET POST=[]

[2025-11-21 06:39:15] METHOD=GET POST=[]

[2025-11-21 06:39:20] METHOD=GET POST=[]

[2025-11-21 06:39:25] METHOD=GET POST=[]

[2025-11-21 06:39:30] METHOD=GET POST=[]

[2025-11-21 06:39:35] METHOD=GET POST=[]

[2025-11-21 06:39:40] METHOD=GET POST=[]

[2025-11-21 06:39:45] METHOD=GET POST=[]

[2025-11-21 06:39:50] METHOD=GET POST=[]

[2025-11-21 06:39:55] METHOD=GET POST=[]

[2025-11-21 06:40:00] METHOD=GET POST=[]

[2025-11-21 06:40:05] METHOD=GET POST=[]

[2025-11-21 06:40:10] METHOD=GET POST=[]

[2025-11-21 06:40:15] METHOD=GET POST=[]

[2025-11-21 06:40:20] METHOD=GET POST=[]

[2025-11-21 06:40:25] METHOD=GET POST=[]

[2025-11-21 06:40:30] METHOD=GET POST=[]

[2025-11-21 06:40:35] METHOD=GET POST=[]

[2025-11-21 06:40:40] METHOD=GET POST=[]

[2025-11-21 06:40:45] METHOD=GET POST=[]

[2025-11-21 06:40:50] METHOD=GET POST=[]

[2025-11-21 06:40:55] METHOD=GET POST=[]

[2025-11-21 06:41:00] METHOD=GET POST=[]

[2025-11-21 06:41:05] METHOD=GET POST=[]

[2025-11-21 06:41:10] METHOD=GET POST=[]

[2025-11-21 06:41:15] METHOD=GET POST=[]

[2025-11-21 06:41:20] METHOD=GET POST=[]

[2025-11-21 06:41:25] METHOD=GET POST=[]

[2025-11-21 06:41:30] METHOD=GET POST=[]

[2025-11-21 06:41:35] METHOD=GET POST=[]

[2025-11-21 06:41:40] METHOD=GET POST=[]

[2025-11-21 06:41:45] METHOD=GET POST=[]

[2025-11-21 06:41:50] METHOD=GET POST=[]

[2025-11-21 06:41:55] METHOD=GET POST=[]

[2025-11-21 06:42:00] METHOD=GET POST=[]

[2025-11-21 06:42:05] METHOD=GET POST=[]

[2025-11-21 06:42:10] METHOD=GET POST=[]

[2025-11-21 06:42:16] METHOD=GET POST=[]

[2025-11-21 06:42:21] METHOD=GET POST=[]

[2025-11-21 06:42:26] METHOD=GET POST=[]

[2025-11-21 06:42:31] METHOD=GET POST=[]

[2025-11-21 06:42:36] METHOD=GET POST=[]

[2025-11-21 06:42:41] METHOD=GET POST=[]

[2025-11-21 06:42:46] METHOD=GET POST=[]

[2025-11-21 06:42:51] METHOD=GET POST=[]

[2025-11-21 06:42:56] METHOD=GET POST=[]

[2025-11-21 06:43:01] METHOD=GET POST=[]

[2025-11-21 06:43:06] METHOD=GET POST=[]

[2025-11-21 06:43:11] METHOD=GET POST=[]

[2025-11-21 06:43:16] METHOD=GET POST=[]

[2025-11-21 06:43:21] METHOD=GET POST=[]

[2025-11-21 06:43:26] METHOD=GET POST=[]

[2025-11-21 06:43:31] METHOD=GET POST=[]

[2025-11-21 06:43:36] METHOD=GET POST=[]

[2025-11-21 06:43:41] METHOD=GET POST=[]

[2025-11-21 06:43:46] METHOD=GET POST=[]

[2025-11-21 06:43:51] METHOD=GET POST=[]

[2025-11-21 06:43:56] METHOD=GET POST=[]

[2025-11-21 06:44:01] METHOD=GET POST=[]

[2025-11-21 06:44:06] METHOD=GET POST=[]

[2025-11-21 06:44:11] METHOD=GET POST=[]

[2025-11-21 06:44:16] METHOD=GET POST=[]

[2025-11-21 06:44:21] METHOD=GET POST=[]

[2025-11-21 06:44:26] METHOD=GET POST=[]

[2025-11-21 06:44:31] METHOD=GET POST=[]

[2025-11-21 06:44:36] METHOD=GET POST=[]

[2025-11-21 06:44:41] METHOD=GET POST=[]

[2025-11-21 06:44:46] METHOD=GET POST=[]

[2025-11-21 06:44:51] METHOD=GET POST=[]

[2025-11-21 06:44:56] METHOD=GET POST=[]

[2025-11-21 06:45:01] METHOD=GET POST=[]

[2025-11-21 06:45:06] METHOD=GET POST=[]

[2025-11-21 06:50:59] METHOD=GET POST=[]

[2025-11-21 06:51:04] METHOD=GET POST=[]

[2025-11-21 06:51:09] METHOD=GET POST=[]

[2025-11-21 06:51:14] METHOD=GET POST=[]

[2025-11-21 06:51:19] METHOD=GET POST=[]

[2025-11-21 06:51:24] METHOD=GET POST=[]

[2025-11-21 06:51:29] METHOD=GET POST=[]

[2025-11-21 06:51:34] METHOD=GET POST=[]

[2025-11-21 06:51:39] METHOD=GET POST=[]

[2025-11-21 06:51:44] METHOD=GET POST=[]

[2025-11-21 06:51:49] METHOD=GET POST=[]

[2025-11-21 06:51:54] METHOD=GET POST=[]

[2025-11-21 06:51:59] METHOD=GET POST=[]

[2025-11-21 06:52:04] METHOD=GET POST=[]

[2025-11-21 06:52:09] METHOD=GET POST=[]

[2025-11-21 06:52:14] METHOD=GET POST=[]

[2025-11-21 06:52:19] METHOD=GET POST=[]

[2025-11-21 06:52:24] METHOD=GET POST=[]

[2025-11-21 06:52:29] METHOD=GET POST=[]

[2025-11-21 06:52:34] METHOD=GET POST=[]

[2025-11-21 06:52:39] METHOD=GET POST=[]

[2025-11-21 07:09:58] METHOD=GET POST=[]

[2025-11-21 07:09:58] METHOD=GET POST=[]

[2025-11-21 07:10:03] METHOD=GET POST=[]

[2025-11-21 07:10:08] METHOD=GET POST=[]

[2025-11-21 07:10:13] METHOD=GET POST=[]

[2025-11-21 07:10:18] METHOD=GET POST=[]

[2025-11-21 07:10:23] METHOD=GET POST=[]

[2025-11-24 19:32:30] METHOD=GET POST=[]

[2025-11-24 19:32:34] METHOD=POST POST={"action":"cambiar_estado","numero_turno":"C001","nuevo_estado":"Atendiendo"}

[2025-11-24 19:32:35] METHOD=GET POST=[]
ACTION=cambiar_estado, NUMERO=C001, ESTADO=Atendiendo
SUCCESS: Updated C001 to Atendiendo

[2025-11-24 19:32:36] METHOD=GET POST=[]

[2025-11-24 19:32:40] METHOD=GET POST=[]

[2025-11-24 19:32:42] METHOD=POST POST={"action":"cambiar_estado","numero_turno":"C001","nuevo_estado":"Cancelado"}
ACTION=cambiar_estado, NUMERO=C001, ESTADO=Cancelado

[2025-11-24 19:32:43] METHOD=POST POST={"action":"cambiar_estado","numero_turno":"C001","nuevo_estado":"Finalizado"}
SUCCESS: Updated C001 to Cancelado

[2025-11-24 19:32:43] METHOD=GET POST=[]
ACTION=cambiar_estado, NUMERO=C001, ESTADO=Finalizado
SUCCESS: Updated C001 to Finalizado

[2025-11-24 19:32:45] METHOD=GET POST=[]

[2025-11-24 19:32:45] METHOD=GET POST=[]

[2025-11-24 19:32:49] METHOD=POST POST={"action":"cambiar_estado","numero_turno":"N001","nuevo_estado":"Atendiendo"}

[2025-11-24 19:32:50] METHOD=GET POST=[]
ACTION=cambiar_estado, NUMERO=N001, ESTADO=Atendiendo
SUCCESS: Updated N001 to Atendiendo

[2025-11-24 19:32:51] METHOD=GET POST=[]

[2025-11-24 19:32:55] METHOD=GET POST=[]

[2025-11-24 19:32:55] METHOD=POST POST={"action":"cambiar_estado","numero_turno":"N001","nuevo_estado":"Cancelado"}
ACTION=cambiar_estado, NUMERO=N001, ESTADO=Cancelado
SUCCESS: Updated N001 to Cancelado

[2025-11-24 19:32:57] METHOD=GET POST=[]

[2025-11-24 19:33:00] METHOD=GET POST=[]

[2025-11-24 19:33:00] METHOD=POST POST={"action":"cambiar_estado","numero_turno":"N002","nuevo_estado":"Cancelado"}
ACTION=cambiar_estado, NUMERO=N002, ESTADO=Cancelado
SUCCESS: Updated N002 to Cancelado

[2025-11-24 19:33:02] METHOD=GET POST=[]

[2025-11-24 19:33:05] METHOD=GET POST=[]

[2025-11-24 19:33:06] METHOD=GET POST=[]

[2025-11-24 19:33:08] METHOD=POST POST={"action":"cambiar_estado","numero_turno":"C002","nuevo_estado":"Atendiendo"}
ACTION=cambiar_estado, NUMERO=C002, ESTADO=Atendiendo
SUCCESS: Updated C002 to Atendiendo

[2025-11-24 19:33:10] METHOD=GET POST=[]

[2025-11-24 19:33:10] METHOD=GET POST=[]

[2025-11-24 19:33:14] METHOD=POST POST={"action":"cambiar_estado","numero_turno":"C002","nuevo_estado":"Finalizado"}

[2025-11-24 19:33:15] METHOD=GET POST=[]
ACTION=cambiar_estado, NUMERO=C002, ESTADO=Finalizado
SUCCESS: Updated C002 to Finalizado

[2025-11-24 19:33:16] METHOD=GET POST=[]

[2025-11-24 19:33:19] METHOD=POST POST={"action":"cambiar_estado","numero_turno":"N003","nuevo_estado":"Atendiendo"}

[2025-11-24 19:33:20] METHOD=GET POST=[]
ACTION=cambiar_estado, NUMERO=N003, ESTADO=Atendiendo
SUCCESS: Updated N003 to Atendiendo

[2025-11-24 19:33:21] METHOD=GET POST=[]

[2025-11-24 19:33:25] METHOD=GET POST=[]

[2025-11-24 19:33:29] METHOD=POST POST={"action":"cambiar_estado","numero_turno":"N003","nuevo_estado":"Finalizado"}

[2025-11-24 19:33:30] METHOD=GET POST=[]
ACTION=cambiar_estado, NUMERO=N003, ESTADO=Finalizado
SUCCESS: Updated N003 to Finalizado

[2025-11-24 19:33:31] METHOD=GET POST=[]

[2025-11-24 19:33:34] METHOD=POST POST={"action":"cambiar_estado","numero_turno":"N004","nuevo_estado":"Atendiendo"}

[2025-11-24 19:33:35] METHOD=GET POST=[]
ACTION=cambiar_estado, NUMERO=N004, ESTADO=Atendiendo
SUCCESS: Updated N004 to Atendiendo

[2025-11-24 19:33:37] METHOD=GET POST=[]

[2025-11-24 19:33:40] METHOD=GET POST=[]

[2025-11-24 19:33:40] METHOD=POST POST={"action":"cambiar_estado","numero_turno":"N004","nuevo_estado":"Finalizado"}
ACTION=cambiar_estado, NUMERO=N004, ESTADO=Finalizado
SUCCESS: Updated N004 to Finalizado

[2025-11-24 19:33:42] METHOD=GET POST=[]

[2025-11-24 19:33:44] METHOD=POST POST={"action":"cambiar_estado","numero_turno":"N006","nuevo_estado":"Atendiendo"}

[2025-11-24 19:33:45] METHOD=GET POST=[]
ACTION=cambiar_estado, NUMERO=N006, ESTADO=Atendiendo
SUCCESS: Updated N006 to Atendiendo

[2025-11-24 19:33:46] METHOD=GET POST=[]

[2025-11-24 19:33:47] METHOD=POST POST={"action":"cambiar_estado","numero_turno":"N006","nuevo_estado":"Finalizado"}
ACTION=cambiar_estado, NUMERO=N006, ESTADO=Finalizado
SUCCESS: Updated N006 to Finalizado

[2025-11-24 19:33:49] METHOD=GET POST=[]

[2025-11-24 19:33:50] METHOD=GET POST=[]

[2025-11-24 19:33:50] METHOD=POST POST={"action":"cambiar_estado","numero_turno":"N006","nuevo_estado":"Finalizado"}
ACTION=cambiar_estado, NUMERO=N006, ESTADO=Finalizado

[2025-11-24 19:33:55] METHOD=POST POST={"action":"cambiar_estado","numero_turno":"N005","nuevo_estado":"Atendiendo"}

[2025-11-24 19:33:55] METHOD=GET POST=[]
ACTION=cambiar_estado, NUMERO=N005, ESTADO=Atendiendo
SUCCESS: Updated N005 to Atendiendo

[2025-11-24 19:33:57] METHOD=GET POST=[]

[2025-11-24 19:33:57] METHOD=POST POST={"action":"cambiar_estado","numero_turno":"N007","nuevo_estado":"Atendiendo"}
ACTION=cambiar_estado, NUMERO=N007, ESTADO=Atendiendo
SUCCESS: Updated N007 to Atendiendo

[2025-11-24 19:33:58] METHOD=GET POST=[]

[2025-11-24 19:34:00] METHOD=GET POST=[]

[2025-11-24 19:34:02] METHOD=POST POST={"action":"cambiar_estado","numero_turno":"N005","nuevo_estado":"Finalizado"}
ACTION=cambiar_estado, NUMERO=N005, ESTADO=Finalizado
SUCCESS: Updated N005 to Finalizado

[2025-11-24 19:34:04] METHOD=POST POST={"action":"cambiar_estado","numero_turno":"N010","nuevo_estado":"Atendiendo"}

[2025-11-24 19:34:04] METHOD=GET POST=[]

[2025-11-24 19:34:05] METHOD=GET POST=[]
ACTION=cambiar_estado, NUMERO=N010, ESTADO=Atendiendo
SUCCESS: Updated N010 to Atendiendo

[2025-11-24 19:34:06] METHOD=GET POST=[]

[2025-11-24 19:34:10] METHOD=GET POST=[]

[2025-11-24 19:34:15] METHOD=GET POST=[]

[2025-11-24 19:34:20] METHOD=GET POST=[]

[2025-11-24 19:34:25] METHOD=GET POST=[]

[2025-11-24 19:34:30] METHOD=GET POST=[]

[2025-11-24 19:34:35] METHOD=GET POST=[]

[2025-11-24 19:34:40] METHOD=GET POST=[]

[2025-11-24 19:34:46] METHOD=GET POST=[]

[2025-11-24 19:34:51] METHOD=GET POST=[]

[2025-11-24 19:34:56] METHOD=GET POST=[]

[2025-11-24 19:35:01] METHOD=GET POST=[]

[2025-11-24 19:35:06] METHOD=GET POST=[]

[2025-11-24 19:35:11] METHOD=GET POST=[]

[2025-11-24 19:35:16] METHOD=GET POST=[]

[2025-11-24 19:35:21] METHOD=GET POST=[]

[2025-11-24 19:35:27] METHOD=GET POST=[]

[2025-11-24 19:35:32] METHOD=GET POST=[]

[2025-11-24 19:35:37] METHOD=GET POST=[]

[2025-11-24 19:35:42] METHOD=GET POST=[]

[2025-11-24 19:35:47] METHOD=GET POST=[]

[2025-11-24 19:35:52] METHOD=GET POST=[]

[2025-11-24 19:35:57] METHOD=GET POST=[]

[2025-11-24 19:36:03] METHOD=GET POST=[]

[2025-11-24 19:36:07] METHOD=GET POST=[]

[2025-11-24 19:36:13] METHOD=GET POST=[]

[2025-11-24 19:36:18] METHOD=GET POST=[]

[2025-11-24 19:36:23] METHOD=GET POST=[]

[2025-11-24 19:36:28] METHOD=GET POST=[]
EXCEPTION: MySQL server has gone away
EXCEPTION: MySQL server has gone away

[2025-11-24 19:38:38] METHOD=GET POST=[]

[2025-11-24 19:38:39] METHOD=GET POST=[]

[2025-11-24 19:38:44] METHOD=GET POST=[]

[2025-11-24 19:38:49] METHOD=GET POST=[]

[2025-11-24 19:38:54] METHOD=GET POST=[]

[2025-11-24 19:38:59] METHOD=GET POST=[]

[2025-11-24 19:39:05] METHOD=GET POST=[]

[2025-11-24 19:39:10] METHOD=GET POST=[]

[2025-11-24 19:39:15] METHOD=GET POST=[]

[2025-11-24 19:43:15] METHOD=GET POST=[]

[2025-11-25 06:10:34] METHOD=GET POST=[]

[2025-11-25 06:10:39] METHOD=GET POST=[]

[2025-11-25 06:10:44] METHOD=GET POST=[]

[2025-11-25 06:10:49] METHOD=GET POST=[]

[2025-11-25 06:10:55] METHOD=GET POST=[]

[2025-11-25 06:11:00] METHOD=GET POST=[]
